[19:13:02] [ServerMain/INFO]: [bootstrap] Running Java 21 (OpenJDK 64-Bit Server VM 21.0.10+7; Arch Linux null) on Linux 6.18.12-1-MANJARO (amd64)
[19:13:02] [ServerMain/INFO]: [bootstrap] Loading Paper 1.21.4-232-ver/1.21.4@12d8fe0 (2025-06-09T10:15:42Z) for Minecraft 1.21.4
[19:13:02] [ServerMain/INFO]: [PluginInitializerManager] Initializing plugins...
[19:13:02] [ServerMain/INFO]: [PluginInitializerManager] Initialized 0 plugins
[19:13:04] [ServerMain/INFO]: Environment: Environment[sessionHost=https://sessionserver.mojang.com, servicesHost=https://api.minecraftservices.com, name=PROD]
[19:13:05] [ServerMain/INFO]: Loaded 1370 recipes
[19:13:05] [ServerMain/INFO]: Loaded 1481 advancements
[19:13:05] [ServerMain/INFO]: [MCTypeRegistry] Initialising converters for DataConverter...
[19:13:05] [ServerMain/INFO]: [MCTypeRegistry] Finished initialising converters for DataConverter in 103.0ms
[19:13:05] [Server thread/INFO]: Starting minecraft server version 1.21.4
[19:13:05] [Server thread/INFO]: Loading properties
[19:13:05] [Server thread/INFO]: This server is running Paper version 1.21.4-232-ver/1.21.4@12d8fe0 (2025-06-09T10:15:42Z) (Implementing API version 1.21.4-R0.1-SNAPSHOT)
[19:13:05] [Server thread/INFO]: [spark] This server bundles the spark profiler. For more information please visit https://docs.papermc.io/paper/profiling
[19:13:05] [Server thread/INFO]: Server Ping Player Sample Count: 12
[19:13:05] [Server thread/INFO]: Using 4 threads for Netty based IO
[19:13:05] [Server thread/INFO]: [MoonriseCommon] Paper is using 6 worker threads, 1 I/O threads
[19:13:05] [Server thread/INFO]: [ChunkTaskScheduler] Chunk system is using population gen parallelism: true
[19:13:05] [Server thread/INFO]: Default game type: SURVIVAL
[19:13:05] [Server thread/INFO]: Generating keypair
[19:13:05] [Server thread/INFO]: Starting Minecraft server on *:25565
[19:13:05] [Server thread/INFO]: Using epoll channel type
[19:13:05] [Server thread/INFO]: Paper: Using libdeflate (Linux x86_64) compression from Velocity.
[19:13:05] [Server thread/INFO]: Paper: Using OpenSSL 3.x.x (Linux x86_64) cipher from Velocity.
[19:13:05] [Server thread/INFO]: Server permissions file permissions.yml is empty, ignoring it
[19:13:05] [Server thread/INFO]: Preparing level "world"
[19:13:06] [Server thread/INFO]: Preparing start region for dimension minecraft:overworld
[19:13:06] [Server thread/INFO]: Preparing spawn area: 0%
[19:13:06] [Server thread/INFO]: Time elapsed: 426 ms
[19:13:06] [Server thread/INFO]: Preparing start region for dimension minecraft:the_nether
[19:13:06] [Server thread/INFO]: Preparing spawn area: 0%
[19:13:06] [Server thread/INFO]: Time elapsed: 43 ms
[19:13:06] [Server thread/INFO]: Preparing start region for dimension minecraft:the_end
[19:13:06] [Server thread/INFO]: Preparing spawn area: 0%
[19:13:06] [Server thread/INFO]: Time elapsed: 21 ms
[19:13:06] [Server thread/INFO]: [spark] Starting background profiler...
[19:13:06] [Server thread/INFO]: Done preparing level "world" (0.800s)
[19:13:06] [Server thread/INFO]: Running delayed init tasks
[19:13:06] [Server thread/INFO]: Done (4.381s)! For help, type "help"
[19:13:22] [User Authenticator #0/INFO]: UUID of player plover12 is 04ce2640-dd14-47b0-b165-e87b886ab174
[19:13:22] [Server thread/INFO]: plover12 joined the game
[19:13:22] [Server thread/INFO]: plover12[/127.0.0.1:42832] logged in with entity id 101 at ([world]9.5, 70.0, -9.5)
[19:13:24] [Server thread/INFO]: plover12 lost connection: Disconnected
[19:13:24] [Server thread/INFO]: plover12 left the game
[19:13:31] [Server thread/INFO]: Stopping the server
[19:13:31] [Server thread/INFO]: Stopping server
[19:13:31] [Server thread/INFO]: Saving players
[19:13:31] [Server thread/INFO]: Saving worlds
[19:13:31] [Server thread/INFO]: Saving chunks for level 'ServerLevel[world]'/minecraft:overworld
[19:13:31] [Server thread/INFO]: [ChunkHolderManager] Waiting 60s for chunk system to halt for world 'world'
[19:13:31] [Server thread/INFO]: [ChunkHolderManager] Halted chunk system for world 'world'
[19:13:31] [Server thread/INFO]: [ChunkHolderManager] Saving all chunkholders for world 'world'
[19:13:31] [Server thread/INFO]: [ChunkHolderManager] Saved 235 block chunks, 235 entity chunks, 0 poi chunks in world 'world' in 0.16s
[19:13:31] [Server thread/INFO]: [ChunkHolderManager] Waiting 60s for chunk I/O to halt for world 'world'
[19:13:31] [Server thread/INFO]: [ChunkHolderManager] Halted I/O scheduler for world 'world'
[19:13:31] [Server thread/INFO]: Saving chunks for level 'ServerLevel[world_nether]'/minecraft:the_nether
[19:13:31] [Server thread/INFO]: [ChunkHolderManager] Waiting 60s for chunk system to halt for world 'world_nether'
[19:13:31] [Server thread/INFO]: [ChunkHolderManager] Halted chunk system for world 'world_nether'
[19:13:31] [Server thread/INFO]: [ChunkHolderManager] Saving all chunkholders for world 'world_nether'
[19:13:31] [Server thread/INFO]: [ChunkHolderManager] Saved 49 block chunks, 49 entity chunks, 0 poi chunks in world 'world_nether' in 0.03s
[19:13:31] [Server thread/INFO]: [ChunkHolderManager] Waiting 60s for chunk I/O to halt for world 'world_nether'
[19:13:31] [Server thread/INFO]: [ChunkHolderManager] Halted I/O scheduler for world 'world_nether'
[19:13:31] [Server thread/INFO]: Saving chunks for level 'ServerLevel[world_the_end]'/minecraft:the_end
[19:13:31] [Server thread/INFO]: [ChunkHolderManager] Waiting 60s for chunk system to halt for world 'world_the_end'
[19:13:31] [Server thread/INFO]: [ChunkHolderManager] Halted chunk system for world 'world_the_end'
[19:13:31] [Server thread/INFO]: [ChunkHolderManager] Saving all chunkholders for world 'world_the_end'
[19:13:31] [Server thread/INFO]: [ChunkHolderManager] Saved 49 block chunks, 49 entity chunks, 0 poi chunks in world 'world_the_end' in 0.01s
[19:13:31] [Server thread/INFO]: [ChunkHolderManager] Waiting 60s for chunk I/O to halt for world 'world_the_end'
[19:13:31] [Server thread/INFO]: [ChunkHolderManager] Halted I/O scheduler for world 'world_the_end'
[19:13:31] [Server thread/INFO]: ThreadedAnvilChunkStorage (world): All chunks are saved
[19:13:31] [Server thread/INFO]: ThreadedAnvilChunkStorage (DIM-1): All chunks are saved
[19:13:31] [Server thread/INFO]: ThreadedAnvilChunkStorage (DIM1): All chunks are saved
[19:13:31] [Server thread/INFO]: ThreadedAnvilChunkStorage: All dimensions are saved
[19:13:31] [Server thread/INFO]: Waiting for I/O tasks to complete...
[19:13:31] [Server thread/INFO]: All I/O tasks to complete
[19:13:31] [Server thread/INFO]: [MoonriseCommon] Awaiting termination of worker pool for up to 60s...
[19:13:31] [Server thread/INFO]: [MoonriseCommon] Awaiting termination of I/O pool for up to 60s...
