[01:22:53] [ServerMain/INFO]: Environment: Environment[sessionHost=https://sessionserver.mojang.com, servicesHost=https://api.minecraftservices.com, name=PROD]
[01:22:53] [ServerMain/INFO]: Loaded 7 recipes
[01:22:53] [ServerMain/INFO]: Loaded 1271 advancements
[01:22:54] [Server thread/INFO]: Starting minecraft server version 1.20.4
[01:22:54] [Server thread/INFO]: Loading properties
[01:22:54] [Server thread/INFO]: Default game type: SURVIVAL
[01:22:54] [Server thread/INFO]: Generating keypair
[01:22:54] [Server thread/INFO]: Starting Minecraft server on *:25565
[01:22:54] [Server thread/INFO]: Using epoll channel type
[01:22:54] [Server thread/INFO]: Preparing level "ploverworld"
[01:22:54] [Server thread/INFO]: Preparing start region for dimension minecraft:overworld
[01:22:55] [Worker-Main-11/INFO]: Preparing spawn area: 0%
[01:22:55] [Worker-Main-11/INFO]: Preparing spawn area: 0%
[01:22:55] [Worker-Main-17/INFO]: Preparing spawn area: 0%
[01:22:56] [Worker-Main-21/INFO]: Preparing spawn area: 99%
[01:22:56] [Server thread/INFO]: Time elapsed: 2068 ms
[01:22:56] [Server thread/INFO]: Done (2.412s)! For help, type "help"
[01:24:54] [User Authenticator #1/INFO]: UUID of player plover12 is 04ce2640-dd14-47b0-b165-e87b886ab174
[01:24:54] [Server thread/INFO]: plover12[/127.0.0.1:47366] logged in with entity id 81 at (46.1419437386014, -59.0, -279.40712726162343)
[01:24:54] [Server thread/INFO]: plover12 joined the game
[01:25:11] [Server thread/INFO]: Nothing changed. The player already is an operator
[01:25:44] [Server thread/INFO]: [Not Secure] [Server] testing
[01:25:58] [Server thread/INFO]: Nothing changed. The player already is an operator
[01:26:11] [Server thread/INFO]: [plover12: Set own game mode to Creative Mode]
[01:26:19] [Server thread/INFO]: Made plover12 no longer a server operator
[01:27:08] [Server thread/INFO]: Stopping the server
[01:27:08] [Server thread/INFO]: Stopping server
[01:27:08] [Server thread/INFO]: Saving players
[01:27:08] [Server thread/INFO]: Saving worlds
[01:27:08] [Server thread/INFO]: Saving chunks for level 'ServerLevel[ploverworld]'/minecraft:overworld
[01:27:09] [Server thread/INFO]: Saving chunks for level 'ServerLevel[ploverworld]'/minecraft:the_end
[01:27:09] [Server thread/INFO]: Saving chunks for level 'ServerLevel[ploverworld]'/minecraft:the_nether
[01:27:09] [Server thread/INFO]: ThreadedAnvilChunkStorage (ploverworld): All chunks are saved
[01:27:09] [Server thread/INFO]: ThreadedAnvilChunkStorage (DIM1): All chunks are saved
[01:27:09] [Server thread/INFO]: ThreadedAnvilChunkStorage (DIM-1): All chunks are saved
[01:27:09] [Server thread/INFO]: ThreadedAnvilChunkStorage: All dimensions are saved
